0 verbose cli /home/deploy/.nvm/versions/node/v22.21.1/bin/node /home/deploy/.nvm/versions/node/v22.21.1/bin/npm
1 info using npm@10.9.4
2 info using node@v22.21.1
3 silly config load:file:/home/deploy/.nvm/versions/node/v22.21.1/lib/node_modules/npm/npmrc
4 silly config load:file:/home/deploy/front/my-frontend/.npmrc
5 silly config load:file:/home/deploy/.npmrc
6 silly config load:file:/home/deploy/.nvm/versions/node/v22.21.1/etc/npmrc
7 verbose title npm install bootstrap
8 verbose argv "install" "bootstrap"
9 verbose logfile logs-max:10 dir:/home/deploy/.npm/_logs/2025-11-27T04_32_38_185Z-
10 verbose logfile /home/deploy/.npm/_logs/2025-11-27T04_32_38_185Z-debug-0.log
11 silly logfile start cleaning logs, removing 1 files
12 silly packumentCache heap:2103443456 maxSize:525860864 maxEntrySize:262930432
13 silly logfile done cleaning log files
14 silly idealTree buildDeps
15 silly fetch manifest bootstrap@*
16 silly packumentCache full:https://registry.npmjs.org/bootstrap cache-miss
17 http fetch GET 200 https://registry.npmjs.org/bootstrap 234ms (cache miss)
18 silly packumentCache full:https://registry.npmjs.org/bootstrap set size:undefined disposed:false
19 silly fetch manifest @popperjs/core@^2.11.8
20 silly packumentCache full:https://registry.npmjs.org/@popperjs%2fcore cache-miss
21 http fetch GET 200 https://registry.npmjs.org/@popperjs%2fcore 101ms (cache miss)
22 silly packumentCache full:https://registry.npmjs.org/@popperjs%2fcore set size:undefined disposed:false
23 silly placeDep ROOT bootstrap@5.3.8 OK for: my-frontend@0.0.0 want: *
24 silly placeDep ROOT @popperjs/core@2.11.8 OK for: bootstrap@5.3.8 want: ^2.11.8
25 silly reify moves {}
26 silly audit bulk request {
26 silly audit   '@babel/code-frame': [ '7.27.1' ],
26 silly audit   '@babel/compat-data': [ '7.28.5' ],
26 silly audit   '@babel/core': [ '7.28.5' ],
26 silly audit   '@babel/generator': [ '7.28.5' ],
26 silly audit   '@babel/helper-compilation-targets': [ '7.27.2' ],
26 silly audit   '@babel/helper-globals': [ '7.28.0' ],
26 silly audit   '@babel/helper-module-imports': [ '7.27.1' ],
26 silly audit   '@babel/helper-module-transforms': [ '7.28.3' ],
26 silly audit   '@babel/helper-plugin-utils': [ '7.27.1' ],
26 silly audit   '@babel/helper-string-parser': [ '7.27.1' ],
26 silly audit   '@babel/helper-validator-identifier': [ '7.28.5' ],
26 silly audit   '@babel/helper-validator-option': [ '7.27.1' ],
26 silly audit   '@babel/helpers': [ '7.28.4' ],
26 silly audit   '@babel/parser': [ '7.28.5' ],
26 silly audit   '@babel/plugin-transform-react-jsx-self': [ '7.27.1' ],
26 silly audit   '@babel/plugin-transform-react-jsx-source': [ '7.27.1' ],
26 silly audit   '@babel/template': [ '7.27.2' ],
26 silly audit   '@babel/traverse': [ '7.28.5' ],
26 silly audit   '@babel/types': [ '7.28.5' ],
26 silly audit   '@esbuild/aix-ppc64': [ '0.25.12' ],
26 silly audit   '@esbuild/android-arm': [ '0.25.12' ],
26 silly audit   '@esbuild/android-arm64': [ '0.25.12' ],
26 silly audit   '@esbuild/android-x64': [ '0.25.12' ],
26 silly audit   '@esbuild/darwin-arm64': [ '0.25.12' ],
26 silly audit   '@esbuild/darwin-x64': [ '0.25.12' ],
26 silly audit   '@esbuild/freebsd-arm64': [ '0.25.12' ],
26 silly audit   '@esbuild/freebsd-x64': [ '0.25.12' ],
26 silly audit   '@esbuild/linux-arm': [ '0.25.12' ],
26 silly audit   '@esbuild/linux-arm64': [ '0.25.12' ],
26 silly audit   '@esbuild/linux-ia32': [ '0.25.12' ],
26 silly audit   '@esbuild/linux-loong64': [ '0.25.12' ],
26 silly audit   '@esbuild/linux-mips64el': [ '0.25.12' ],
26 silly audit   '@esbuild/linux-ppc64': [ '0.25.12' ],
26 silly audit   '@esbuild/linux-riscv64': [ '0.25.12' ],
26 silly audit   '@esbuild/linux-s390x': [ '0.25.12' ],
26 silly audit   '@esbuild/linux-x64': [ '0.25.12' ],
26 silly audit   '@esbuild/netbsd-arm64': [ '0.25.12' ],
26 silly audit   '@esbuild/netbsd-x64': [ '0.25.12' ],
26 silly audit   '@esbuild/openbsd-arm64': [ '0.25.12' ],
26 silly audit   '@esbuild/openbsd-x64': [ '0.25.12' ],
26 silly audit   '@esbuild/openharmony-arm64': [ '0.25.12' ],
26 silly audit   '@esbuild/sunos-x64': [ '0.25.12' ],
26 silly audit   '@esbuild/win32-arm64': [ '0.25.12' ],
26 silly audit   '@esbuild/win32-ia32': [ '0.25.12' ],
26 silly audit   '@esbuild/win32-x64': [ '0.25.12' ],
26 silly audit   '@eslint-community/eslint-utils': [ '4.9.0' ],
26 silly audit   'eslint-visitor-keys': [ '3.4.3', '4.2.1' ],
26 silly audit   '@eslint-community/regexpp': [ '4.12.2' ],
26 silly audit   '@eslint/config-array': [ '0.21.1' ],
26 silly audit   '@eslint/config-helpers': [ '0.4.2' ],
26 silly audit   '@eslint/core': [ '0.17.0' ],
26 silly audit   '@eslint/eslintrc': [ '3.3.1' ],
26 silly audit   globals: [ '14.0.0', '16.5.0' ],
26 silly audit   '@eslint/js': [ '9.39.1' ],
26 silly audit   '@eslint/object-schema': [ '2.1.7' ],
26 silly audit   '@eslint/plugin-kit': [ '0.4.1' ],
26 silly audit   '@humanfs/core': [ '0.19.1' ],
26 silly audit   '@humanfs/node': [ '0.16.7' ],
26 silly audit   '@humanwhocodes/module-importer': [ '1.0.1' ],
26 silly audit   '@humanwhocodes/retry': [ '0.4.3' ],
26 silly audit   '@jridgewell/gen-mapping': [ '0.3.13' ],
26 silly audit   '@jridgewell/remapping': [ '2.3.5' ],
26 silly audit   '@jridgewell/resolve-uri': [ '3.1.2' ],
26 silly audit   '@jridgewell/sourcemap-codec': [ '1.5.5' ],
26 silly audit   '@jridgewell/trace-mapping': [ '0.3.31' ],
26 silly audit   '@rolldown/pluginutils': [ '1.0.0-beta.47' ],
26 silly audit   '@rollup/rollup-android-arm-eabi': [ '4.53.3' ],
26 silly audit   '@rollup/rollup-android-arm64': [ '4.53.3' ],
26 silly audit   '@rollup/rollup-darwin-arm64': [ '4.53.3' ],
26 silly audit   '@rollup/rollup-darwin-x64': [ '4.53.3' ],
26 silly audit   '@rollup/rollup-freebsd-arm64': [ '4.53.3' ],
26 silly audit   '@rollup/rollup-freebsd-x64': [ '4.53.3' ],
26 silly audit   '@rollup/rollup-linux-arm-gnueabihf': [ '4.53.3' ],
26 silly audit   '@rollup/rollup-linux-arm-musleabihf': [ '4.53.3' ],
26 silly audit   '@rollup/rollup-linux-arm64-gnu': [ '4.53.3' ],
26 silly audit   '@rollup/rollup-linux-arm64-musl': [ '4.53.3' ],
26 silly audit   '@rollup/rollup-linux-loong64-gnu': [ '4.53.3' ],
26 silly audit   '@rollup/rollup-linux-ppc64-gnu': [ '4.53.3' ],
26 silly audit   '@rollup/rollup-linux-riscv64-gnu': [ '4.53.3' ],
26 silly audit   '@rollup/rollup-linux-riscv64-musl': [ '4.53.3' ],
26 silly audit   '@rollup/rollup-linux-s390x-gnu': [ '4.53.3' ],
26 silly audit   '@rollup/rollup-linux-x64-gnu': [ '4.53.3' ],
26 silly audit   '@rollup/rollup-linux-x64-musl': [ '4.53.3' ],
26 silly audit   '@rollup/rollup-openharmony-arm64': [ '4.53.3' ],
26 silly audit   '@rollup/rollup-win32-arm64-msvc': [ '4.53.3' ],
26 silly audit   '@rollup/rollup-win32-ia32-msvc': [ '4.53.3' ],
26 silly audit   '@rollup/rollup-win32-x64-gnu': [ '4.53.3' ],
26 silly audit   '@rollup/rollup-win32-x64-msvc': [ '4.53.3' ],
26 silly audit   '@types/babel__core': [ '7.20.5' ],
26 silly audit   '@types/babel__generator': [ '7.27.0' ],
26 silly audit   '@types/babel__template': [ '7.4.4' ],
26 silly audit   '@types/babel__traverse': [ '7.28.0' ],
26 silly audit   '@types/estree': [ '1.0.8' ],
26 silly audit   '@types/json-schema': [ '7.0.15' ],
26 silly audit   '@types/react': [ '19.2.7' ],
26 silly audit   '@types/react-dom': [ '19.2.3' ],
26 silly audit   '@vitejs/plugin-react': [ '5.1.1' ],
26 silly audit   acorn: [ '8.15.0' ],
26 silly audit   'acorn-jsx': [ '5.3.2' ],
26 silly audit   ajv: [ '6.12.6' ],
26 silly audit   'ansi-styles': [ '4.3.0' ],
26 silly audit   argparse: [ '2.0.1' ],
26 silly audit   'balanced-match': [ '1.0.2' ],
26 silly audit   'baseline-browser-mapping': [ '2.8.31' ],
26 silly audit   'brace-expansion': [ '1.1.12' ],
26 silly audit   browserslist: [ '4.28.0' ],
26 silly audit   callsites: [ '3.1.0' ],
26 silly audit   'caniuse-lite': [ '1.0.30001757' ],
26 silly audit   chalk: [ '4.1.2' ],
26 silly audit   'color-convert': [ '2.0.1' ],
26 silly audit   'color-name': [ '1.1.4' ],
26 silly audit   'concat-map': [ '0.0.1' ],
26 silly audit   'convert-source-map': [ '2.0.0' ],
26 silly audit   'cross-spawn': [ '7.0.6' ],
26 silly audit   csstype: [ '3.2.3' ],
26 silly audit   debug: [ '4.4.3' ],
26 silly audit   'deep-is': [ '0.1.4' ],
26 silly audit   'electron-to-chromium': [ '1.5.262' ],
26 silly audit   esbuild: [ '0.25.12' ],
26 silly audit   escalade: [ '3.2.0' ],
26 silly audit   'escape-string-regexp': [ '4.0.0' ],
26 silly audit   eslint: [ '9.39.1' ],
26 silly audit   'eslint-plugin-react-hooks': [ '7.0.1' ],
26 silly audit   'eslint-plugin-react-refresh': [ '0.4.24' ],
26 silly audit   'eslint-scope': [ '8.4.0' ],
26 silly audit   espree: [ '10.4.0' ],
26 silly audit   esquery: [ '1.6.0' ],
26 silly audit   esrecurse: [ '4.3.0' ],
26 silly audit   estraverse: [ '5.3.0' ],
26 silly audit   esutils: [ '2.0.3' ],
26 silly audit   'fast-deep-equal': [ '3.1.3' ],
26 silly audit   'fast-json-stable-stringify': [ '2.1.0' ],
26 silly audit   'fast-levenshtein': [ '2.0.6' ],
26 silly audit   fdir: [ '6.5.0' ],
26 silly audit   'file-entry-cache': [ '8.0.0' ],
26 silly audit   'find-up': [ '5.0.0' ],
26 silly audit   'flat-cache': [ '4.0.1' ],
26 silly audit   flatted: [ '3.3.3' ],
26 silly audit   fsevents: [ '2.3.3' ],
26 silly audit   gensync: [ '1.0.0-beta.2' ],
26 silly audit   'glob-parent': [ '6.0.2' ],
26 silly audit   'has-flag': [ '4.0.0' ],
26 silly audit   'hermes-estree': [ '0.25.1' ],
26 silly audit   'hermes-parser': [ '0.25.1' ],
26 silly audit   ignore: [ '5.3.2' ],
26 silly audit   'import-fresh': [ '3.3.1' ],
26 silly audit   imurmurhash: [ '0.1.4' ],
26 silly audit   'is-extglob': [ '2.1.1' ],
26 silly audit   'is-glob': [ '4.0.3' ],
26 silly audit   isexe: [ '2.0.0' ],
26 silly audit   'js-tokens': [ '4.0.0' ],
26 silly audit   'js-yaml': [ '4.1.1' ],
26 silly audit   jsesc: [ '3.1.0' ],
26 silly audit   'json-buffer': [ '3.0.1' ],
26 silly audit   'json-schema-traverse': [ '0.4.1' ],
26 silly audit   'json-stable-stringify-without-jsonify': [ '1.0.1' ],
26 silly audit   json5: [ '2.2.3' ],
26 silly audit   keyv: [ '4.5.4' ],
26 silly audit   levn: [ '0.4.1' ],
26 silly audit   'locate-path': [ '6.0.0' ],
26 silly audit   'lodash.merge': [ '4.6.2' ],
26 silly audit   'lru-cache': [ '5.1.1' ],
26 silly audit   minimatch: [ '3.1.2' ],
26 silly audit   ms: [ '2.1.3' ],
26 silly audit   nanoid: [ '3.3.11' ],
26 silly audit   'natural-compare': [ '1.4.0' ],
26 silly audit   'node-releases': [ '2.0.27' ],
26 silly audit   optionator: [ '0.9.4' ],
26 silly audit   'p-limit': [ '3.1.0' ],
26 silly audit   'p-locate': [ '5.0.0' ],
26 silly audit   'parent-module': [ '1.0.1' ],
26 silly audit   'path-exists': [ '4.0.0' ],
26 silly audit   'path-key': [ '3.1.1' ],
26 silly audit   picocolors: [ '1.1.1' ],
26 silly audit   picomatch: [ '4.0.3' ],
26 silly audit   postcss: [ '8.5.6' ],
26 silly audit   'prelude-ls': [ '1.2.1' ],
26 silly audit   punycode: [ '2.3.1' ],
26 silly audit   react: [ '19.2.0' ],
26 silly audit   'react-dom': [ '19.2.0' ],
26 silly audit   'react-refresh': [ '0.18.0' ],
26 silly audit   'resolve-from': [ '4.0.0' ],
26 silly audit   rollup: [ '4.53.3' ],
26 silly audit   scheduler: [ '0.27.0' ],
26 silly audit   semver: [ '6.3.1' ],
26 silly audit   'shebang-command': [ '2.0.0' ],
26 silly audit   'shebang-regex': [ '3.0.0' ],
26 silly audit   'source-map-js': [ '1.2.1' ],
26 silly audit   'strip-json-comments': [ '3.1.1' ],
26 silly audit   'supports-color': [ '7.2.0' ],
26 silly audit   tinyglobby: [ '0.2.15' ],
26 silly audit   'type-check': [ '0.4.0' ],
26 silly audit   typescript: [ '5.9.3' ],
26 silly audit   'update-browserslist-db': [ '1.1.4' ],
26 silly audit   'uri-js': [ '4.4.1' ],
26 silly audit   vite: [ '7.2.4' ],
26 silly audit   which: [ '2.0.2' ],
26 silly audit   'word-wrap': [ '1.2.5' ],
26 silly audit   yallist: [ '3.1.1' ],
26 silly audit   'yocto-queue': [ '0.1.0' ],
26 silly audit   zod: [ '4.1.13' ],
26 silly audit   'zod-validation-error': [ '4.0.2' ],
26 silly audit   bootstrap: [ '5.3.8' ],
26 silly audit   '@popperjs/core': [ '2.11.8' ]
26 silly audit }
27 verbose reify failed optional dependency /home/deploy/front/my-frontend/node_modules/fsevents
28 silly reify mark deleted [ '/home/deploy/front/my-frontend/node_modules/fsevents' ]
29 verbose reify failed optional dependency /home/deploy/front/my-frontend/node_modules/@rollup/rollup-win32-x64-msvc
30 silly reify mark deleted [
30 silly reify   '/home/deploy/front/my-frontend/node_modules/@rollup/rollup-win32-x64-msvc'
30 silly reify ]
31 verbose reify failed optional dependency /home/deploy/front/my-frontend/node_modules/@rollup/rollup-win32-x64-gnu
32 silly reify mark deleted [
32 silly reify   '/home/deploy/front/my-frontend/node_modules/@rollup/rollup-win32-x64-gnu'
32 silly reify ]
33 verbose reify failed optional dependency /home/deploy/front/my-frontend/node_modules/@rollup/rollup-win32-ia32-msvc
34 silly reify mark deleted [
34 silly reify   '/home/deploy/front/my-frontend/node_modules/@rollup/rollup-win32-ia32-msvc'
34 silly reify ]
35 verbose reify failed optional dependency /home/deploy/front/my-frontend/node_modules/@rollup/rollup-win32-arm64-msvc
36 silly reify mark deleted [
36 silly reify   '/home/deploy/front/my-frontend/node_modules/@rollup/rollup-win32-arm64-msvc'
36 silly reify ]
37 verbose reify failed optional dependency /home/deploy/front/my-frontend/node_modules/@rollup/rollup-openharmony-arm64
38 silly reify mark deleted [
38 silly reify   '/home/deploy/front/my-frontend/node_modules/@rollup/rollup-openharmony-arm64'
38 silly reify ]
39 verbose reify failed optional dependency /home/deploy/front/my-frontend/node_modules/@rollup/rollup-linux-s390x-gnu
40 silly reify mark deleted [
40 silly reify   '/home/deploy/front/my-frontend/node_modules/@rollup/rollup-linux-s390x-gnu'
40 silly reify ]
41 verbose reify failed optional dependency /home/deploy/front/my-frontend/node_modules/@rollup/rollup-linux-riscv64-musl
42 silly reify mark deleted [
42 silly reify   '/home/deploy/front/my-frontend/node_modules/@rollup/rollup-linux-riscv64-musl'
42 silly reify ]
43 verbose reify failed optional dependency /home/deploy/front/my-frontend/node_modules/@rollup/rollup-linux-riscv64-gnu
44 silly reify mark deleted [
44 silly reify   '/home/deploy/front/my-frontend/node_modules/@rollup/rollup-linux-riscv64-gnu'
44 silly reify ]
45 verbose reify failed optional dependency /home/deploy/front/my-frontend/node_modules/@rollup/rollup-linux-ppc64-gnu
46 silly reify mark deleted [
46 silly reify   '/home/deploy/front/my-frontend/node_modules/@rollup/rollup-linux-ppc64-gnu'
46 silly reify ]
47 verbose reify failed optional dependency /home/deploy/front/my-frontend/node_modules/@rollup/rollup-linux-loong64-gnu
48 silly reify mark deleted [
48 silly reify   '/home/deploy/front/my-frontend/node_modules/@rollup/rollup-linux-loong64-gnu'
48 silly reify ]
49 verbose reify failed optional dependency /home/deploy/front/my-frontend/node_modules/@rollup/rollup-linux-arm64-musl
50 silly reify mark deleted [
50 silly reify   '/home/deploy/front/my-frontend/node_modules/@rollup/rollup-linux-arm64-musl'
50 silly reify ]
51 verbose reify failed optional dependency /home/deploy/front/my-frontend/node_modules/@rollup/rollup-linux-arm64-gnu
52 silly reify mark deleted [
52 silly reify   '/home/deploy/front/my-frontend/node_modules/@rollup/rollup-linux-arm64-gnu'
52 silly reify ]
53 verbose reify failed optional dependency /home/deploy/front/my-frontend/node_modules/@rollup/rollup-linux-arm-musleabihf
54 silly reify mark deleted [
54 silly reify   '/home/deploy/front/my-frontend/node_modules/@rollup/rollup-linux-arm-musleabihf'
54 silly reify ]
55 verbose reify failed optional dependency /home/deploy/front/my-frontend/node_modules/@rollup/rollup-linux-arm-gnueabihf
56 silly reify mark deleted [
56 silly reify   '/home/deploy/front/my-frontend/node_modules/@rollup/rollup-linux-arm-gnueabihf'
56 silly reify ]
57 verbose reify failed optional dependency /home/deploy/front/my-frontend/node_modules/@rollup/rollup-freebsd-x64
58 silly reify mark deleted [
58 silly reify   '/home/deploy/front/my-frontend/node_modules/@rollup/rollup-freebsd-x64'
58 silly reify ]
59 verbose reify failed optional dependency /home/deploy/front/my-frontend/node_modules/@rollup/rollup-freebsd-arm64
60 silly reify mark deleted [
60 silly reify   '/home/deploy/front/my-frontend/node_modules/@rollup/rollup-freebsd-arm64'
60 silly reify ]
61 verbose reify failed optional dependency /home/deploy/front/my-frontend/node_modules/@rollup/rollup-darwin-x64
62 silly reify mark deleted [
62 silly reify   '/home/deploy/front/my-frontend/node_modules/@rollup/rollup-darwin-x64'
62 silly reify ]
63 verbose reify failed optional dependency /home/deploy/front/my-frontend/node_modules/@rollup/rollup-darwin-arm64
64 silly reify mark deleted [
64 silly reify   '/home/deploy/front/my-frontend/node_modules/@rollup/rollup-darwin-arm64'
64 silly reify ]
65 verbose reify failed optional dependency /home/deploy/front/my-frontend/node_modules/@rollup/rollup-android-arm64
66 silly reify mark deleted [
66 silly reify   '/home/deploy/front/my-frontend/node_modules/@rollup/rollup-android-arm64'
66 silly reify ]
67 verbose reify failed optional dependency /home/deploy/front/my-frontend/node_modules/@rollup/rollup-android-arm-eabi
68 silly reify mark deleted [
68 silly reify   '/home/deploy/front/my-frontend/node_modules/@rollup/rollup-android-arm-eabi'
68 silly reify ]
69 verbose reify failed optional dependency /home/deploy/front/my-frontend/node_modules/@esbuild/win32-x64
70 silly reify mark deleted [ '/home/deploy/front/my-frontend/node_modules/@esbuild/win32-x64' ]
71 verbose reify failed optional dependency /home/deploy/front/my-frontend/node_modules/@esbuild/win32-ia32
72 silly reify mark deleted [ '/home/deploy/front/my-frontend/node_modules/@esbuild/win32-ia32' ]
73 verbose reify failed optional dependency /home/deploy/front/my-frontend/node_modules/@esbuild/win32-arm64
74 silly reify mark deleted [ '/home/deploy/front/my-frontend/node_modules/@esbuild/win32-arm64' ]
75 verbose reify failed optional dependency /home/deploy/front/my-frontend/node_modules/@esbuild/sunos-x64
76 silly reify mark deleted [ '/home/deploy/front/my-frontend/node_modules/@esbuild/sunos-x64' ]
77 verbose reify failed optional dependency /home/deploy/front/my-frontend/node_modules/@esbuild/openharmony-arm64
78 silly reify mark deleted [
78 silly reify   '/home/deploy/front/my-frontend/node_modules/@esbuild/openharmony-arm64'
78 silly reify ]
79 verbose reify failed optional dependency /home/deploy/front/my-frontend/node_modules/@esbuild/openbsd-x64
80 silly reify mark deleted [ '/home/deploy/front/my-frontend/node_modules/@esbuild/openbsd-x64' ]
81 verbose reify failed optional dependency /home/deploy/front/my-frontend/node_modules/@esbuild/openbsd-arm64
82 silly reify mark deleted [
82 silly reify   '/home/deploy/front/my-frontend/node_modules/@esbuild/openbsd-arm64'
82 silly reify ]
83 verbose reify failed optional dependency /home/deploy/front/my-frontend/node_modules/@esbuild/netbsd-x64
84 silly reify mark deleted [ '/home/deploy/front/my-frontend/node_modules/@esbuild/netbsd-x64' ]
85 verbose reify failed optional dependency /home/deploy/front/my-frontend/node_modules/@esbuild/netbsd-arm64
86 silly reify mark deleted [ '/home/deploy/front/my-frontend/node_modules/@esbuild/netbsd-arm64' ]
87 verbose reify failed optional dependency /home/deploy/front/my-frontend/node_modules/@esbuild/linux-s390x
88 silly reify mark deleted [ '/home/deploy/front/my-frontend/node_modules/@esbuild/linux-s390x' ]
89 verbose reify failed optional dependency /home/deploy/front/my-frontend/node_modules/@esbuild/linux-riscv64
90 silly reify mark deleted [
90 silly reify   '/home/deploy/front/my-frontend/node_modules/@esbuild/linux-riscv64'
90 silly reify ]
91 verbose reify failed optional dependency /home/deploy/front/my-frontend/node_modules/@esbuild/linux-ppc64
92 silly reify mark deleted [ '/home/deploy/front/my-frontend/node_modules/@esbuild/linux-ppc64' ]
93 verbose reify failed optional dependency /home/deploy/front/my-frontend/node_modules/@esbuild/linux-mips64el
94 silly reify mark deleted [
94 silly reify   '/home/deploy/front/my-frontend/node_modules/@esbuild/linux-mips64el'
94 silly reify ]
95 verbose reify failed optional dependency /home/deploy/front/my-frontend/node_modules/@esbuild/linux-loong64
96 silly reify mark deleted [
96 silly reify   '/home/deploy/front/my-frontend/node_modules/@esbuild/linux-loong64'
96 silly reify ]
97 verbose reify failed optional dependency /home/deploy/front/my-frontend/node_modules/@esbuild/linux-ia32
98 silly reify mark deleted [ '/home/deploy/front/my-frontend/node_modules/@esbuild/linux-ia32' ]
99 verbose reify failed optional dependency /home/deploy/front/my-frontend/node_modules/@esbuild/linux-arm64
100 silly reify mark deleted [ '/home/deploy/front/my-frontend/node_modules/@esbuild/linux-arm64' ]
101 verbose reify failed optional dependency /home/deploy/front/my-frontend/node_modules/@esbuild/linux-arm
102 silly reify mark deleted [ '/home/deploy/front/my-frontend/node_modules/@esbuild/linux-arm' ]
103 verbose reify failed optional dependency /home/deploy/front/my-frontend/node_modules/@esbuild/freebsd-x64
104 silly reify mark deleted [ '/home/deploy/front/my-frontend/node_modules/@esbuild/freebsd-x64' ]
105 verbose reify failed optional dependency /home/deploy/front/my-frontend/node_modules/@esbuild/freebsd-arm64
106 silly reify mark deleted [
106 silly reify   '/home/deploy/front/my-frontend/node_modules/@esbuild/freebsd-arm64'
106 silly reify ]
107 verbose reify failed optional dependency /home/deploy/front/my-frontend/node_modules/@esbuild/darwin-x64
108 silly reify mark deleted [ '/home/deploy/front/my-frontend/node_modules/@esbuild/darwin-x64' ]
109 verbose reify failed optional dependency /home/deploy/front/my-frontend/node_modules/@esbuild/darwin-arm64
110 silly reify mark deleted [ '/home/deploy/front/my-frontend/node_modules/@esbuild/darwin-arm64' ]
111 verbose reify failed optional dependency /home/deploy/front/my-frontend/node_modules/@esbuild/android-x64
112 silly reify mark deleted [ '/home/deploy/front/my-frontend/node_modules/@esbuild/android-x64' ]
113 verbose reify failed optional dependency /home/deploy/front/my-frontend/node_modules/@esbuild/android-arm64
114 silly reify mark deleted [
114 silly reify   '/home/deploy/front/my-frontend/node_modules/@esbuild/android-arm64'
114 silly reify ]
115 verbose reify failed optional dependency /home/deploy/front/my-frontend/node_modules/@esbuild/android-arm
116 silly reify mark deleted [ '/home/deploy/front/my-frontend/node_modules/@esbuild/android-arm' ]
117 verbose reify failed optional dependency /home/deploy/front/my-frontend/node_modules/@esbuild/aix-ppc64
118 silly reify mark deleted [ '/home/deploy/front/my-frontend/node_modules/@esbuild/aix-ppc64' ]
119 http cache @popperjs/core@https://registry.npmjs.org/@popperjs/core/-/core-2.11.8.tgz 0ms (cache hit)
120 http cache bootstrap@https://registry.npmjs.org/bootstrap/-/bootstrap-5.3.8.tgz 0ms (cache hit)
121 silly tarball no local data for @popperjs/core@https://registry.npmjs.org/@popperjs/core/-/core-2.11.8.tgz. Extracting by manifest.
122 silly tarball no local data for bootstrap@https://registry.npmjs.org/bootstrap/-/bootstrap-5.3.8.tgz. Extracting by manifest.
123 http fetch POST 200 https://registry.npmjs.org/-/npm/v1/security/advisories/bulk 281ms
124 silly audit report {}
125 http fetch GET 200 https://registry.npmjs.org/@popperjs/core/-/core-2.11.8.tgz 414ms (cache miss)
126 http fetch GET 200 https://registry.npmjs.org/bootstrap/-/bootstrap-5.3.8.tgz 571ms (cache miss)
127 silly ADD node_modules/@popperjs/core
128 silly ADD node_modules/bootstrap
129 silly ADD
130 silly ADD
131 silly ADD
132 silly ADD
133 silly ADD
134 silly ADD
135 silly ADD
136 silly ADD
137 silly ADD
138 silly ADD
139 silly ADD
140 silly ADD
141 silly ADD
142 silly ADD
143 silly ADD
144 silly ADD
145 silly ADD
146 silly ADD
147 silly ADD
148 silly ADD
149 silly ADD
150 silly ADD
151 silly ADD
152 silly ADD
153 silly ADD
154 silly ADD
155 silly ADD
156 silly ADD
157 silly ADD
158 silly ADD
159 silly ADD
160 silly ADD
161 silly ADD
162 silly ADD
163 silly ADD
164 silly ADD
165 silly ADD
166 silly ADD
167 silly ADD
168 silly ADD
169 silly ADD
170 silly ADD
171 silly ADD
172 silly ADD
173 silly ADD
174 silly ADD
175 verbose cwd /home/deploy/front/my-frontend
176 verbose os Linux 6.8.0-87-generic
177 verbose node v22.21.1
178 verbose npm  v10.9.4
179 verbose exit 0
180 info ok
