0 verbose cli /home/deploy/.nvm/versions/node/v22.21.1/bin/node /home/deploy/.nvm/versions/node/v22.21.1/bin/npm
1 info using npm@10.9.4
2 info using node@v22.21.1
3 silly config load:file:/home/deploy/.nvm/versions/node/v22.21.1/lib/node_modules/npm/npmrc
4 silly config load:file:/home/deploy/.cache/typescript/5.9/.npmrc
5 silly config load:file:/home/deploy/.npmrc
6 silly config load:file:/home/deploy/.nvm/versions/node/v22.21.1/etc/npmrc
7 verbose title npm install types-registry@latest
8 verbose argv "install" "--ignore-scripts" "types-registry@latest"
9 verbose logfile logs-max:10 dir:/home/deploy/.npm/_logs/2025-11-28T16_48_10_933Z-
10 verbose logfile /home/deploy/.npm/_logs/2025-11-28T16_48_10_933Z-debug-0.log
11 silly logfile start cleaning logs, removing 1 files
12 silly packumentCache heap:2103443456 maxSize:525860864 maxEntrySize:262930432
13 silly logfile done cleaning log files
14 silly packumentCache corgi:https://registry.npmjs.org/types-registry cache-miss
15 http fetch GET 200 https://registry.npmjs.org/types-registry 331ms (cache revalidated)
16 silly packumentCache corgi:https://registry.npmjs.org/types-registry set size:612572 disposed:false
17 silly idealTree buildDeps
18 silly fetch manifest types-registry@0.1.747
19 silly packumentCache full:https://registry.npmjs.org/types-registry cache-miss
20 http fetch GET 200 https://registry.npmjs.org/types-registry 64ms (cache revalidated)
21 silly packumentCache full:https://registry.npmjs.org/types-registry set size:1313201 disposed:false
22 silly placeDep ROOT types-registry@0.1.747 REPLACE for:  want: 0.1.747
23 silly reify moves {}
24 silly audit bulk request {
24 silly audit   '@popperjs/core': [ '2.11.8' ],
24 silly audit   '@types/bootstrap': [ '5.2.10' ],
24 silly audit   '@types/less': [ '3.0.8' ],
24 silly audit   '@types/node': [ '24.10.1' ],
24 silly audit   '@types/react': [ '19.2.7' ],
24 silly audit   '@types/react-dom': [ '19.2.3' ],
24 silly audit   '@types/stylus': [ '0.48.43' ],
24 silly audit   csstype: [ '3.2.3' ],
24 silly audit   'undici-types': [ '7.16.0' ],
24 silly audit   'types-registry': [ '0.1.747' ]
24 silly audit }
25 http fetch POST 200 https://registry.npmjs.org/-/npm/v1/security/advisories/bulk 263ms
26 silly audit report {}
27 verbose cwd /home/deploy/.cache/typescript/5.9
28 verbose os Linux 6.8.0-87-generic
29 verbose node v22.21.1
30 verbose npm  v10.9.4
31 verbose exit 0
32 info ok
