0 verbose cli /home/deploy/.nvm/versions/node/v22.21.1/bin/node /home/deploy/.nvm/versions/node/v22.21.1/bin/npm
1 info using npm@10.9.4
2 info using node@v22.21.1
3 silly config load:file:/home/deploy/.nvm/versions/node/v22.21.1/lib/node_modules/npm/npmrc
4 silly config load:file:/home/deploy/.cache/typescript/5.9/.npmrc
5 silly config load:file:/home/deploy/.npmrc
6 silly config load:file:/home/deploy/.nvm/versions/node/v22.21.1/etc/npmrc
7 verbose title npm install types-registry@latest
8 verbose argv "install" "--ignore-scripts" "types-registry@latest"
9 verbose logfile logs-max:10 dir:/home/deploy/.npm/_logs/2025-11-27T04_32_51_745Z-
10 verbose logfile /home/deploy/.npm/_logs/2025-11-27T04_32_51_745Z-debug-0.log
11 silly logfile start cleaning logs, removing 1 files
12 silly packumentCache heap:2103443456 maxSize:525860864 maxEntrySize:262930432
13 silly logfile done cleaning log files
14 silly packumentCache corgi:https://registry.npmjs.org/types-registry cache-miss
15 http fetch GET 200 https://registry.npmjs.org/types-registry 265ms (cache miss)
16 silly packumentCache corgi:https://registry.npmjs.org/types-registry set size:undefined disposed:false
17 silly idealTree buildDeps
18 silly fetch manifest types-registry@0.1.747
19 silly packumentCache full:https://registry.npmjs.org/types-registry cache-miss
20 http fetch GET 200 https://registry.npmjs.org/types-registry 85ms (cache miss)
21 silly packumentCache full:https://registry.npmjs.org/types-registry set size:undefined disposed:false
22 silly placeDep ROOT types-registry@0.1.747 OK for:  want: 0.1.747
23 silly reify moves {}
24 silly audit bulk request { 'types-registry': [ '0.1.747' ] }
25 http cache types-registry@https://registry.npmjs.org/types-registry/-/types-registry-0.1.747.tgz 1ms (cache hit)
26 silly tarball no local data for types-registry@https://registry.npmjs.org/types-registry/-/types-registry-0.1.747.tgz. Extracting by manifest.
27 http fetch POST 200 https://registry.npmjs.org/-/npm/v1/security/advisories/bulk 251ms
28 silly audit report {}
29 http fetch GET 200 https://registry.npmjs.org/types-registry/-/types-registry-0.1.747.tgz 260ms (cache miss)
30 silly ADD node_modules/types-registry
31 verbose cwd /home/deploy/.cache/typescript/5.9
32 verbose os Linux 6.8.0-87-generic
33 verbose node v22.21.1
34 verbose npm  v10.9.4
35 verbose exit 0
36 info ok
