0 verbose cli /home/deploy/.nvm/versions/node/v22.21.1/bin/node /home/deploy/.nvm/versions/node/v22.21.1/bin/npm
1 info using npm@10.9.4
2 info using node@v22.21.1
3 silly config load:file:/home/deploy/.nvm/versions/node/v22.21.1/lib/node_modules/npm/npmrc
4 silly config load:file:/home/deploy/.cache/typescript/5.9/.npmrc
5 silly config load:file:/home/deploy/.npmrc
6 silly config load:file:/home/deploy/.nvm/versions/node/v22.21.1/etc/npmrc
7 verbose title npm install @types/react@ts5.9
8 verbose argv "install" "--ignore-scripts" "@types/react@ts5.9" "--save-dev" "--user-agent" "typesInstaller/5.9.3"
9 verbose logfile logs-max:10 dir:/home/deploy/.npm/_logs/2025-11-27T04_32_52_894Z-
10 verbose logfile /home/deploy/.npm/_logs/2025-11-27T04_32_52_894Z-debug-0.log
11 silly logfile start cleaning logs, removing 1 files
12 silly packumentCache heap:2103443456 maxSize:525860864 maxEntrySize:262930432
13 silly logfile done cleaning log files
14 silly packumentCache corgi:https://registry.npmjs.org/@types%2freact cache-miss
15 http fetch GET 200 https://registry.npmjs.org/@types%2freact 209ms (cache revalidated)
16 silly packumentCache corgi:https://registry.npmjs.org/@types%2freact set size:652758 disposed:false
17 silly idealTree buildDeps
18 silly fetch manifest @types/react@19.2.7
19 silly packumentCache full:https://registry.npmjs.org/@types%2freact cache-miss
20 http cache https://registry.npmjs.org/@types%2freact 17ms (cache hit)
21 silly packumentCache full:https://registry.npmjs.org/@types%2freact set size:2541992 disposed:false
22 silly placeDep ROOT @types/react@19.2.7 OK for:  want: 19.2.7
23 silly fetch manifest csstype@^3.2.2
24 silly packumentCache full:https://registry.npmjs.org/csstype cache-miss
25 http fetch GET 200 https://registry.npmjs.org/csstype 93ms (cache miss)
26 silly packumentCache full:https://registry.npmjs.org/csstype set size:undefined disposed:false
27 silly placeDep ROOT csstype@3.2.3 OK for: @types/react@19.2.7 want: ^3.2.2
28 silly reify moves {}
29 silly audit bulk request {
29 silly audit   'types-registry': [ '0.1.747' ],
29 silly audit   '@types/react': [ '19.2.7' ],
29 silly audit   csstype: [ '3.2.3' ]
29 silly audit }
30 http cache @types/react@https://registry.npmjs.org/@types/react/-/react-19.2.7.tgz 0ms (cache hit)
31 http cache csstype@https://registry.npmjs.org/csstype/-/csstype-3.2.3.tgz 0ms (cache hit)
32 http fetch POST 200 https://registry.npmjs.org/-/npm/v1/security/advisories/bulk 246ms
33 silly audit report {}
34 silly ADD node_modules/csstype
35 silly ADD node_modules/@types/react
36 verbose cwd /home/deploy/.cache/typescript/5.9
37 verbose os Linux 6.8.0-87-generic
38 verbose node v22.21.1
39 verbose npm  v10.9.4
40 verbose exit 0
41 info ok
