0 verbose cli /home/deploy/.nvm/versions/node/v22.21.1/bin/node /home/deploy/.nvm/versions/node/v22.21.1/bin/npm
1 info using npm@10.9.4
2 info using node@v22.21.1
3 silly config load:file:/home/deploy/.nvm/versions/node/v22.21.1/lib/node_modules/npm/npmrc
4 silly config load:file:/home/deploy/.cache/typescript/5.9/.npmrc
5 silly config load:file:/home/deploy/.npmrc
6 silly config load:file:/home/deploy/.nvm/versions/node/v22.21.1/etc/npmrc
7 verbose title npm install @types/bootstrap@ts5.9
8 verbose argv "install" "--ignore-scripts" "@types/bootstrap@ts5.9" "--save-dev" "--user-agent" "typesInstaller/5.9.3"
9 verbose logfile logs-max:10 dir:/home/deploy/.npm/_logs/2025-11-27T04_35_21_883Z-
10 verbose logfile /home/deploy/.npm/_logs/2025-11-27T04_35_21_883Z-debug-0.log
11 silly logfile start cleaning logs, removing 1 files
12 silly packumentCache heap:2103443456 maxSize:525860864 maxEntrySize:262930432
13 silly logfile done cleaning log files
14 silly packumentCache corgi:https://registry.npmjs.org/@types%2fbootstrap cache-miss
15 http fetch GET 200 https://registry.npmjs.org/@types%2fbootstrap 239ms (cache miss)
16 silly packumentCache corgi:https://registry.npmjs.org/@types%2fbootstrap set size:undefined disposed:false
17 silly idealTree buildDeps
18 silly fetch manifest @types/bootstrap@5.2.10
19 silly packumentCache full:https://registry.npmjs.org/@types%2fbootstrap cache-miss
20 http fetch GET 200 https://registry.npmjs.org/@types%2fbootstrap 142ms (cache miss)
21 silly packumentCache full:https://registry.npmjs.org/@types%2fbootstrap set size:undefined disposed:false
22 silly placeDep ROOT @types/bootstrap@5.2.10 OK for:  want: 5.2.10
23 silly fetch manifest @popperjs/core@^2.9.2
24 silly packumentCache full:https://registry.npmjs.org/@popperjs%2fcore cache-miss
25 http cache https://registry.npmjs.org/@popperjs%2fcore 10ms (cache hit)
26 silly packumentCache full:https://registry.npmjs.org/@popperjs%2fcore set size:579534 disposed:false
27 silly placeDep ROOT @popperjs/core@2.11.8 OK for: @types/bootstrap@5.2.10 want: ^2.9.2
28 silly reify moves {}
29 silly audit bulk request {
29 silly audit   '@types/react': [ '19.2.7' ],
29 silly audit   csstype: [ '3.2.3' ],
29 silly audit   'types-registry': [ '0.1.747' ],
29 silly audit   '@types/bootstrap': [ '5.2.10' ],
29 silly audit   '@popperjs/core': [ '2.11.8' ]
29 silly audit }
30 http cache @popperjs/core@https://registry.npmjs.org/@popperjs/core/-/core-2.11.8.tgz 0ms (cache hit)
31 http cache @types/bootstrap@https://registry.npmjs.org/@types/bootstrap/-/bootstrap-5.2.10.tgz 0ms (cache hit)
32 silly tarball no local data for @types/bootstrap@https://registry.npmjs.org/@types/bootstrap/-/bootstrap-5.2.10.tgz. Extracting by manifest.
33 http fetch POST 200 https://registry.npmjs.org/-/npm/v1/security/advisories/bulk 248ms
34 silly audit report {}
35 http fetch GET 200 https://registry.npmjs.org/@types/bootstrap/-/bootstrap-5.2.10.tgz 244ms (cache miss)
36 silly ADD node_modules/@popperjs/core
37 silly ADD node_modules/@types/bootstrap
38 verbose cwd /home/deploy/.cache/typescript/5.9
39 verbose os Linux 6.8.0-87-generic
40 verbose node v22.21.1
41 verbose npm  v10.9.4
42 verbose exit 0
43 info ok
