0 verbose cli /home/deploy/.nvm/versions/node/v22.21.1/bin/node /home/deploy/.nvm/versions/node/v22.21.1/bin/npm
1 info using npm@10.9.4
2 info using node@v22.21.1
3 silly config load:file:/home/deploy/.nvm/versions/node/v22.21.1/lib/node_modules/npm/npmrc
4 silly config load:file:/home/deploy/front/my-frontend/.npmrc
5 silly config load:file:/home/deploy/.npmrc
6 silly config load:file:/home/deploy/.nvm/versions/node/v22.21.1/etc/npmrc
7 verbose title npm install @types/react-router-dom
8 verbose argv "install" "--save-dev" "@types/react-router-dom"
9 verbose logfile logs-max:10 dir:/home/deploy/.npm/_logs/2025-11-27T04_51_40_194Z-
10 verbose logfile /home/deploy/.npm/_logs/2025-11-27T04_51_40_194Z-debug-0.log
11 silly logfile start cleaning logs, removing 1 files
12 silly packumentCache heap:2103443456 maxSize:525860864 maxEntrySize:262930432
13 silly logfile done cleaning log files
14 silly idealTree buildDeps
15 silly fetch manifest @types/react-router-dom@*
16 silly packumentCache full:https://registry.npmjs.org/@types%2freact-router-dom cache-miss
17 http fetch GET 200 https://registry.npmjs.org/@types%2freact-router-dom 234ms (cache miss)
18 silly packumentCache full:https://registry.npmjs.org/@types%2freact-router-dom set size:undefined disposed:false
19 silly placeDep ROOT @types/react-router-dom@5.3.3 OK for: my-frontend@0.0.0 want: *
20 silly fetch manifest @types/history@^4.7.11
21 silly packumentCache full:https://registry.npmjs.org/@types%2fhistory cache-miss
22 silly fetch manifest @types/react-router@*
23 silly packumentCache full:https://registry.npmjs.org/@types%2freact-router cache-miss
24 http fetch GET 200 https://registry.npmjs.org/@types%2fhistory 74ms (cache miss)
25 silly packumentCache full:https://registry.npmjs.org/@types%2fhistory set size:undefined disposed:false
26 http fetch GET 200 https://registry.npmjs.org/@types%2freact-router 1414ms (cache miss)
27 silly packumentCache full:https://registry.npmjs.org/@types%2freact-router set size:undefined disposed:false
28 silly placeDep ROOT @types/history@4.7.11 OK for: @types/react-router-dom@5.3.3 want: ^4.7.11
29 silly placeDep ROOT @types/react-router@5.1.20 OK for: @types/react-router-dom@5.3.3 want: *
30 silly reify moves {}
31 silly audit bulk request {
31 silly audit   '@babel/code-frame': [ '7.27.1' ],
31 silly audit   '@babel/compat-data': [ '7.28.5' ],
31 silly audit   '@babel/core': [ '7.28.5' ],
31 silly audit   '@babel/generator': [ '7.28.5' ],
31 silly audit   '@babel/helper-compilation-targets': [ '7.27.2' ],
31 silly audit   '@babel/helper-globals': [ '7.28.0' ],
31 silly audit   '@babel/helper-module-imports': [ '7.27.1' ],
31 silly audit   '@babel/helper-module-transforms': [ '7.28.3' ],
31 silly audit   '@babel/helper-plugin-utils': [ '7.27.1' ],
31 silly audit   '@babel/helper-string-parser': [ '7.27.1' ],
31 silly audit   '@babel/helper-validator-identifier': [ '7.28.5' ],
31 silly audit   '@babel/helper-validator-option': [ '7.27.1' ],
31 silly audit   '@babel/helpers': [ '7.28.4' ],
31 silly audit   '@babel/parser': [ '7.28.5' ],
31 silly audit   '@babel/plugin-transform-react-jsx-self': [ '7.27.1' ],
31 silly audit   '@babel/plugin-transform-react-jsx-source': [ '7.27.1' ],
31 silly audit   '@babel/template': [ '7.27.2' ],
31 silly audit   '@babel/traverse': [ '7.28.5' ],
31 silly audit   '@babel/types': [ '7.28.5' ],
31 silly audit   '@esbuild/aix-ppc64': [ '0.25.12' ],
31 silly audit   '@esbuild/android-arm': [ '0.25.12' ],
31 silly audit   '@esbuild/android-arm64': [ '0.25.12' ],
31 silly audit   '@esbuild/android-x64': [ '0.25.12' ],
31 silly audit   '@esbuild/darwin-arm64': [ '0.25.12' ],
31 silly audit   '@esbuild/darwin-x64': [ '0.25.12' ],
31 silly audit   '@esbuild/freebsd-arm64': [ '0.25.12' ],
31 silly audit   '@esbuild/freebsd-x64': [ '0.25.12' ],
31 silly audit   '@esbuild/linux-arm': [ '0.25.12' ],
31 silly audit   '@esbuild/linux-arm64': [ '0.25.12' ],
31 silly audit   '@esbuild/linux-ia32': [ '0.25.12' ],
31 silly audit   '@esbuild/linux-loong64': [ '0.25.12' ],
31 silly audit   '@esbuild/linux-mips64el': [ '0.25.12' ],
31 silly audit   '@esbuild/linux-ppc64': [ '0.25.12' ],
31 silly audit   '@esbuild/linux-riscv64': [ '0.25.12' ],
31 silly audit   '@esbuild/linux-s390x': [ '0.25.12' ],
31 silly audit   '@esbuild/linux-x64': [ '0.25.12' ],
31 silly audit   '@esbuild/netbsd-arm64': [ '0.25.12' ],
31 silly audit   '@esbuild/netbsd-x64': [ '0.25.12' ],
31 silly audit   '@esbuild/openbsd-arm64': [ '0.25.12' ],
31 silly audit   '@esbuild/openbsd-x64': [ '0.25.12' ],
31 silly audit   '@esbuild/openharmony-arm64': [ '0.25.12' ],
31 silly audit   '@esbuild/sunos-x64': [ '0.25.12' ],
31 silly audit   '@esbuild/win32-arm64': [ '0.25.12' ],
31 silly audit   '@esbuild/win32-ia32': [ '0.25.12' ],
31 silly audit   '@esbuild/win32-x64': [ '0.25.12' ],
31 silly audit   '@eslint-community/eslint-utils': [ '4.9.0' ],
31 silly audit   'eslint-visitor-keys': [ '3.4.3', '4.2.1' ],
31 silly audit   '@eslint-community/regexpp': [ '4.12.2' ],
31 silly audit   '@eslint/config-array': [ '0.21.1' ],
31 silly audit   '@eslint/config-helpers': [ '0.4.2' ],
31 silly audit   '@eslint/core': [ '0.17.0' ],
31 silly audit   '@eslint/eslintrc': [ '3.3.1' ],
31 silly audit   globals: [ '14.0.0', '16.5.0' ],
31 silly audit   '@eslint/js': [ '9.39.1' ],
31 silly audit   '@eslint/object-schema': [ '2.1.7' ],
31 silly audit   '@eslint/plugin-kit': [ '0.4.1' ],
31 silly audit   '@humanfs/core': [ '0.19.1' ],
31 silly audit   '@humanfs/node': [ '0.16.7' ],
31 silly audit   '@humanwhocodes/module-importer': [ '1.0.1' ],
31 silly audit   '@humanwhocodes/retry': [ '0.4.3' ],
31 silly audit   '@jridgewell/gen-mapping': [ '0.3.13' ],
31 silly audit   '@jridgewell/remapping': [ '2.3.5' ],
31 silly audit   '@jridgewell/resolve-uri': [ '3.1.2' ],
31 silly audit   '@jridgewell/sourcemap-codec': [ '1.5.5' ],
31 silly audit   '@jridgewell/trace-mapping': [ '0.3.31' ],
31 silly audit   '@popperjs/core': [ '2.11.8' ],
31 silly audit   '@rolldown/pluginutils': [ '1.0.0-beta.47' ],
31 silly audit   '@rollup/rollup-android-arm-eabi': [ '4.53.3' ],
31 silly audit   '@rollup/rollup-android-arm64': [ '4.53.3' ],
31 silly audit   '@rollup/rollup-darwin-arm64': [ '4.53.3' ],
31 silly audit   '@rollup/rollup-darwin-x64': [ '4.53.3' ],
31 silly audit   '@rollup/rollup-freebsd-arm64': [ '4.53.3' ],
31 silly audit   '@rollup/rollup-freebsd-x64': [ '4.53.3' ],
31 silly audit   '@rollup/rollup-linux-arm-gnueabihf': [ '4.53.3' ],
31 silly audit   '@rollup/rollup-linux-arm-musleabihf': [ '4.53.3' ],
31 silly audit   '@rollup/rollup-linux-arm64-gnu': [ '4.53.3' ],
31 silly audit   '@rollup/rollup-linux-arm64-musl': [ '4.53.3' ],
31 silly audit   '@rollup/rollup-linux-loong64-gnu': [ '4.53.3' ],
31 silly audit   '@rollup/rollup-linux-ppc64-gnu': [ '4.53.3' ],
31 silly audit   '@rollup/rollup-linux-riscv64-gnu': [ '4.53.3' ],
31 silly audit   '@rollup/rollup-linux-riscv64-musl': [ '4.53.3' ],
31 silly audit   '@rollup/rollup-linux-s390x-gnu': [ '4.53.3' ],
31 silly audit   '@rollup/rollup-linux-x64-gnu': [ '4.53.3' ],
31 silly audit   '@rollup/rollup-linux-x64-musl': [ '4.53.3' ],
31 silly audit   '@rollup/rollup-openharmony-arm64': [ '4.53.3' ],
31 silly audit   '@rollup/rollup-win32-arm64-msvc': [ '4.53.3' ],
31 silly audit   '@rollup/rollup-win32-ia32-msvc': [ '4.53.3' ],
31 silly audit   '@rollup/rollup-win32-x64-gnu': [ '4.53.3' ],
31 silly audit   '@rollup/rollup-win32-x64-msvc': [ '4.53.3' ],
31 silly audit   '@types/babel__core': [ '7.20.5' ],
31 silly audit   '@types/babel__generator': [ '7.27.0' ],
31 silly audit   '@types/babel__template': [ '7.4.4' ],
31 silly audit   '@types/babel__traverse': [ '7.28.0' ],
31 silly audit   '@types/estree': [ '1.0.8' ],
31 silly audit   '@types/json-schema': [ '7.0.15' ],
31 silly audit   '@types/react': [ '19.2.7' ],
31 silly audit   '@types/react-dom': [ '19.2.3' ],
31 silly audit   '@vitejs/plugin-react': [ '5.1.1' ],
31 silly audit   acorn: [ '8.15.0' ],
31 silly audit   'acorn-jsx': [ '5.3.2' ],
31 silly audit   ajv: [ '6.12.6' ],
31 silly audit   'ansi-styles': [ '4.3.0' ],
31 silly audit   argparse: [ '2.0.1' ],
31 silly audit   'balanced-match': [ '1.0.2' ],
31 silly audit   'baseline-browser-mapping': [ '2.8.31' ],
31 silly audit   bootstrap: [ '5.3.8' ],
31 silly audit   'brace-expansion': [ '1.1.12' ],
31 silly audit   browserslist: [ '4.28.0' ],
31 silly audit   callsites: [ '3.1.0' ],
31 silly audit   'caniuse-lite': [ '1.0.30001757' ],
31 silly audit   chalk: [ '4.1.2' ],
31 silly audit   'color-convert': [ '2.0.1' ],
31 silly audit   'color-name': [ '1.1.4' ],
31 silly audit   'concat-map': [ '0.0.1' ],
31 silly audit   'convert-source-map': [ '2.0.0' ],
31 silly audit   cookie: [ '1.1.1' ],
31 silly audit   'cross-spawn': [ '7.0.6' ],
31 silly audit   csstype: [ '3.2.3' ],
31 silly audit   debug: [ '4.4.3' ],
31 silly audit   'deep-is': [ '0.1.4' ],
31 silly audit   'electron-to-chromium': [ '1.5.262' ],
31 silly audit   esbuild: [ '0.25.12' ],
31 silly audit   escalade: [ '3.2.0' ],
31 silly audit   'escape-string-regexp': [ '4.0.0' ],
31 silly audit   eslint: [ '9.39.1' ],
31 silly audit   'eslint-plugin-react-hooks': [ '7.0.1' ],
31 silly audit   'eslint-plugin-react-refresh': [ '0.4.24' ],
31 silly audit   'eslint-scope': [ '8.4.0' ],
31 silly audit   espree: [ '10.4.0' ],
31 silly audit   esquery: [ '1.6.0' ],
31 silly audit   esrecurse: [ '4.3.0' ],
31 silly audit   estraverse: [ '5.3.0' ],
31 silly audit   esutils: [ '2.0.3' ],
31 silly audit   'fast-deep-equal': [ '3.1.3' ],
31 silly audit   'fast-json-stable-stringify': [ '2.1.0' ],
31 silly audit   'fast-levenshtein': [ '2.0.6' ],
31 silly audit   fdir: [ '6.5.0' ],
31 silly audit   'file-entry-cache': [ '8.0.0' ],
31 silly audit   'find-up': [ '5.0.0' ],
31 silly audit   'flat-cache': [ '4.0.1' ],
31 silly audit   flatted: [ '3.3.3' ],
31 silly audit   fsevents: [ '2.3.3' ],
31 silly audit   gensync: [ '1.0.0-beta.2' ],
31 silly audit   'glob-parent': [ '6.0.2' ],
31 silly audit   'has-flag': [ '4.0.0' ],
31 silly audit   'hermes-estree': [ '0.25.1' ],
31 silly audit   'hermes-parser': [ '0.25.1' ],
31 silly audit   ignore: [ '5.3.2' ],
31 silly audit   'import-fresh': [ '3.3.1' ],
31 silly audit   imurmurhash: [ '0.1.4' ],
31 silly audit   'is-extglob': [ '2.1.1' ],
31 silly audit   'is-glob': [ '4.0.3' ],
31 silly audit   isexe: [ '2.0.0' ],
31 silly audit   'js-tokens': [ '4.0.0' ],
31 silly audit   'js-yaml': [ '4.1.1' ],
31 silly audit   jsesc: [ '3.1.0' ],
31 silly audit   'json-buffer': [ '3.0.1' ],
31 silly audit   'json-schema-traverse': [ '0.4.1' ],
31 silly audit   'json-stable-stringify-without-jsonify': [ '1.0.1' ],
31 silly audit   json5: [ '2.2.3' ],
31 silly audit   keyv: [ '4.5.4' ],
31 silly audit   levn: [ '0.4.1' ],
31 silly audit   'locate-path': [ '6.0.0' ],
31 silly audit   'lodash.merge': [ '4.6.2' ],
31 silly audit   'lru-cache': [ '5.1.1' ],
31 silly audit   minimatch: [ '3.1.2' ],
31 silly audit   ms: [ '2.1.3' ],
31 silly audit   nanoid: [ '3.3.11' ],
31 silly audit   'natural-compare': [ '1.4.0' ],
31 silly audit   'node-releases': [ '2.0.27' ],
31 silly audit   optionator: [ '0.9.4' ],
31 silly audit   'p-limit': [ '3.1.0' ],
31 silly audit   'p-locate': [ '5.0.0' ],
31 silly audit   'parent-module': [ '1.0.1' ],
31 silly audit   'path-exists': [ '4.0.0' ],
31 silly audit   'path-key': [ '3.1.1' ],
31 silly audit   picocolors: [ '1.1.1' ],
31 silly audit   picomatch: [ '4.0.3' ],
31 silly audit   postcss: [ '8.5.6' ],
31 silly audit   'prelude-ls': [ '1.2.1' ],
31 silly audit   punycode: [ '2.3.1' ],
31 silly audit   react: [ '19.2.0' ],
31 silly audit   'react-dom': [ '19.2.0' ],
31 silly audit   'react-refresh': [ '0.18.0' ],
31 silly audit   'react-router': [ '7.9.6' ],
31 silly audit   'react-router-dom': [ '7.9.6' ],
31 silly audit   'resolve-from': [ '4.0.0' ],
31 silly audit   rollup: [ '4.53.3' ],
31 silly audit   scheduler: [ '0.27.0' ],
31 silly audit   semver: [ '6.3.1' ],
31 silly audit   'set-cookie-parser': [ '2.7.2' ],
31 silly audit   'shebang-command': [ '2.0.0' ],
31 silly audit   'shebang-regex': [ '3.0.0' ],
31 silly audit   'source-map-js': [ '1.2.1' ],
31 silly audit   'strip-json-comments': [ '3.1.1' ],
31 silly audit   'supports-color': [ '7.2.0' ],
31 silly audit   tinyglobby: [ '0.2.15' ],
31 silly audit   'type-check': [ '0.4.0' ],
31 silly audit   typescript: [ '5.9.3' ],
31 silly audit   'update-browserslist-db': [ '1.1.4' ],
31 silly audit   'uri-js': [ '4.4.1' ],
31 silly audit   vite: [ '7.2.4' ],
31 silly audit   which: [ '2.0.2' ],
31 silly audit   'word-wrap': [ '1.2.5' ],
31 silly audit   yallist: [ '3.1.1' ],
31 silly audit   'yocto-queue': [ '0.1.0' ],
31 silly audit   zod: [ '4.1.13' ],
31 silly audit   'zod-validation-error': [ '4.0.2' ],
31 silly audit   '@types/react-router-dom': [ '5.3.3' ],
31 silly audit   '@types/history': [ '4.7.11' ],
31 silly audit   '@types/react-router': [ '5.1.20' ]
31 silly audit }
32 verbose reify failed optional dependency /home/deploy/front/my-frontend/node_modules/fsevents
33 silly reify mark deleted [ '/home/deploy/front/my-frontend/node_modules/fsevents' ]
34 verbose reify failed optional dependency /home/deploy/front/my-frontend/node_modules/@rollup/rollup-win32-x64-msvc
35 silly reify mark deleted [
35 silly reify   '/home/deploy/front/my-frontend/node_modules/@rollup/rollup-win32-x64-msvc'
35 silly reify ]
36 verbose reify failed optional dependency /home/deploy/front/my-frontend/node_modules/@rollup/rollup-win32-x64-gnu
37 silly reify mark deleted [
37 silly reify   '/home/deploy/front/my-frontend/node_modules/@rollup/rollup-win32-x64-gnu'
37 silly reify ]
38 verbose reify failed optional dependency /home/deploy/front/my-frontend/node_modules/@rollup/rollup-win32-ia32-msvc
39 silly reify mark deleted [
39 silly reify   '/home/deploy/front/my-frontend/node_modules/@rollup/rollup-win32-ia32-msvc'
39 silly reify ]
40 verbose reify failed optional dependency /home/deploy/front/my-frontend/node_modules/@rollup/rollup-win32-arm64-msvc
41 silly reify mark deleted [
41 silly reify   '/home/deploy/front/my-frontend/node_modules/@rollup/rollup-win32-arm64-msvc'
41 silly reify ]
42 verbose reify failed optional dependency /home/deploy/front/my-frontend/node_modules/@rollup/rollup-openharmony-arm64
43 silly reify mark deleted [
43 silly reify   '/home/deploy/front/my-frontend/node_modules/@rollup/rollup-openharmony-arm64'
43 silly reify ]
44 verbose reify failed optional dependency /home/deploy/front/my-frontend/node_modules/@rollup/rollup-linux-s390x-gnu
45 silly reify mark deleted [
45 silly reify   '/home/deploy/front/my-frontend/node_modules/@rollup/rollup-linux-s390x-gnu'
45 silly reify ]
46 verbose reify failed optional dependency /home/deploy/front/my-frontend/node_modules/@rollup/rollup-linux-riscv64-musl
47 silly reify mark deleted [
47 silly reify   '/home/deploy/front/my-frontend/node_modules/@rollup/rollup-linux-riscv64-musl'
47 silly reify ]
48 verbose reify failed optional dependency /home/deploy/front/my-frontend/node_modules/@rollup/rollup-linux-riscv64-gnu
49 silly reify mark deleted [
49 silly reify   '/home/deploy/front/my-frontend/node_modules/@rollup/rollup-linux-riscv64-gnu'
49 silly reify ]
50 verbose reify failed optional dependency /home/deploy/front/my-frontend/node_modules/@rollup/rollup-linux-ppc64-gnu
51 silly reify mark deleted [
51 silly reify   '/home/deploy/front/my-frontend/node_modules/@rollup/rollup-linux-ppc64-gnu'
51 silly reify ]
52 verbose reify failed optional dependency /home/deploy/front/my-frontend/node_modules/@rollup/rollup-linux-loong64-gnu
53 silly reify mark deleted [
53 silly reify   '/home/deploy/front/my-frontend/node_modules/@rollup/rollup-linux-loong64-gnu'
53 silly reify ]
54 verbose reify failed optional dependency /home/deploy/front/my-frontend/node_modules/@rollup/rollup-linux-arm64-musl
55 silly reify mark deleted [
55 silly reify   '/home/deploy/front/my-frontend/node_modules/@rollup/rollup-linux-arm64-musl'
55 silly reify ]
56 verbose reify failed optional dependency /home/deploy/front/my-frontend/node_modules/@rollup/rollup-linux-arm64-gnu
57 silly reify mark deleted [
57 silly reify   '/home/deploy/front/my-frontend/node_modules/@rollup/rollup-linux-arm64-gnu'
57 silly reify ]
58 verbose reify failed optional dependency /home/deploy/front/my-frontend/node_modules/@rollup/rollup-linux-arm-musleabihf
59 silly reify mark deleted [
59 silly reify   '/home/deploy/front/my-frontend/node_modules/@rollup/rollup-linux-arm-musleabihf'
59 silly reify ]
60 verbose reify failed optional dependency /home/deploy/front/my-frontend/node_modules/@rollup/rollup-linux-arm-gnueabihf
61 silly reify mark deleted [
61 silly reify   '/home/deploy/front/my-frontend/node_modules/@rollup/rollup-linux-arm-gnueabihf'
61 silly reify ]
62 verbose reify failed optional dependency /home/deploy/front/my-frontend/node_modules/@rollup/rollup-freebsd-x64
63 silly reify mark deleted [
63 silly reify   '/home/deploy/front/my-frontend/node_modules/@rollup/rollup-freebsd-x64'
63 silly reify ]
64 verbose reify failed optional dependency /home/deploy/front/my-frontend/node_modules/@rollup/rollup-freebsd-arm64
65 silly reify mark deleted [
65 silly reify   '/home/deploy/front/my-frontend/node_modules/@rollup/rollup-freebsd-arm64'
65 silly reify ]
66 verbose reify failed optional dependency /home/deploy/front/my-frontend/node_modules/@rollup/rollup-darwin-x64
67 silly reify mark deleted [
67 silly reify   '/home/deploy/front/my-frontend/node_modules/@rollup/rollup-darwin-x64'
67 silly reify ]
68 verbose reify failed optional dependency /home/deploy/front/my-frontend/node_modules/@rollup/rollup-darwin-arm64
69 silly reify mark deleted [
69 silly reify   '/home/deploy/front/my-frontend/node_modules/@rollup/rollup-darwin-arm64'
69 silly reify ]
70 verbose reify failed optional dependency /home/deploy/front/my-frontend/node_modules/@rollup/rollup-android-arm64
71 silly reify mark deleted [
71 silly reify   '/home/deploy/front/my-frontend/node_modules/@rollup/rollup-android-arm64'
71 silly reify ]
72 verbose reify failed optional dependency /home/deploy/front/my-frontend/node_modules/@rollup/rollup-android-arm-eabi
73 silly reify mark deleted [
73 silly reify   '/home/deploy/front/my-frontend/node_modules/@rollup/rollup-android-arm-eabi'
73 silly reify ]
74 verbose reify failed optional dependency /home/deploy/front/my-frontend/node_modules/@esbuild/win32-x64
75 silly reify mark deleted [ '/home/deploy/front/my-frontend/node_modules/@esbuild/win32-x64' ]
76 verbose reify failed optional dependency /home/deploy/front/my-frontend/node_modules/@esbuild/win32-ia32
77 silly reify mark deleted [ '/home/deploy/front/my-frontend/node_modules/@esbuild/win32-ia32' ]
78 verbose reify failed optional dependency /home/deploy/front/my-frontend/node_modules/@esbuild/win32-arm64
79 silly reify mark deleted [ '/home/deploy/front/my-frontend/node_modules/@esbuild/win32-arm64' ]
80 verbose reify failed optional dependency /home/deploy/front/my-frontend/node_modules/@esbuild/sunos-x64
81 silly reify mark deleted [ '/home/deploy/front/my-frontend/node_modules/@esbuild/sunos-x64' ]
82 verbose reify failed optional dependency /home/deploy/front/my-frontend/node_modules/@esbuild/openharmony-arm64
83 silly reify mark deleted [
83 silly reify   '/home/deploy/front/my-frontend/node_modules/@esbuild/openharmony-arm64'
83 silly reify ]
84 verbose reify failed optional dependency /home/deploy/front/my-frontend/node_modules/@esbuild/openbsd-x64
85 silly reify mark deleted [ '/home/deploy/front/my-frontend/node_modules/@esbuild/openbsd-x64' ]
86 verbose reify failed optional dependency /home/deploy/front/my-frontend/node_modules/@esbuild/openbsd-arm64
87 silly reify mark deleted [
87 silly reify   '/home/deploy/front/my-frontend/node_modules/@esbuild/openbsd-arm64'
87 silly reify ]
88 verbose reify failed optional dependency /home/deploy/front/my-frontend/node_modules/@esbuild/netbsd-x64
89 silly reify mark deleted [ '/home/deploy/front/my-frontend/node_modules/@esbuild/netbsd-x64' ]
90 verbose reify failed optional dependency /home/deploy/front/my-frontend/node_modules/@esbuild/netbsd-arm64
91 silly reify mark deleted [ '/home/deploy/front/my-frontend/node_modules/@esbuild/netbsd-arm64' ]
92 verbose reify failed optional dependency /home/deploy/front/my-frontend/node_modules/@esbuild/linux-s390x
93 silly reify mark deleted [ '/home/deploy/front/my-frontend/node_modules/@esbuild/linux-s390x' ]
94 verbose reify failed optional dependency /home/deploy/front/my-frontend/node_modules/@esbuild/linux-riscv64
95 silly reify mark deleted [
95 silly reify   '/home/deploy/front/my-frontend/node_modules/@esbuild/linux-riscv64'
95 silly reify ]
96 verbose reify failed optional dependency /home/deploy/front/my-frontend/node_modules/@esbuild/linux-ppc64
97 silly reify mark deleted [ '/home/deploy/front/my-frontend/node_modules/@esbuild/linux-ppc64' ]
98 verbose reify failed optional dependency /home/deploy/front/my-frontend/node_modules/@esbuild/linux-mips64el
99 silly reify mark deleted [
99 silly reify   '/home/deploy/front/my-frontend/node_modules/@esbuild/linux-mips64el'
99 silly reify ]
100 verbose reify failed optional dependency /home/deploy/front/my-frontend/node_modules/@esbuild/linux-loong64
101 silly reify mark deleted [
101 silly reify   '/home/deploy/front/my-frontend/node_modules/@esbuild/linux-loong64'
101 silly reify ]
102 verbose reify failed optional dependency /home/deploy/front/my-frontend/node_modules/@esbuild/linux-ia32
103 silly reify mark deleted [ '/home/deploy/front/my-frontend/node_modules/@esbuild/linux-ia32' ]
104 verbose reify failed optional dependency /home/deploy/front/my-frontend/node_modules/@esbuild/linux-arm64
105 silly reify mark deleted [ '/home/deploy/front/my-frontend/node_modules/@esbuild/linux-arm64' ]
106 verbose reify failed optional dependency /home/deploy/front/my-frontend/node_modules/@esbuild/linux-arm
107 silly reify mark deleted [ '/home/deploy/front/my-frontend/node_modules/@esbuild/linux-arm' ]
108 verbose reify failed optional dependency /home/deploy/front/my-frontend/node_modules/@esbuild/freebsd-x64
109 silly reify mark deleted [ '/home/deploy/front/my-frontend/node_modules/@esbuild/freebsd-x64' ]
110 verbose reify failed optional dependency /home/deploy/front/my-frontend/node_modules/@esbuild/freebsd-arm64
111 silly reify mark deleted [
111 silly reify   '/home/deploy/front/my-frontend/node_modules/@esbuild/freebsd-arm64'
111 silly reify ]
112 verbose reify failed optional dependency /home/deploy/front/my-frontend/node_modules/@esbuild/darwin-x64
113 silly reify mark deleted [ '/home/deploy/front/my-frontend/node_modules/@esbuild/darwin-x64' ]
114 verbose reify failed optional dependency /home/deploy/front/my-frontend/node_modules/@esbuild/darwin-arm64
115 silly reify mark deleted [ '/home/deploy/front/my-frontend/node_modules/@esbuild/darwin-arm64' ]
116 verbose reify failed optional dependency /home/deploy/front/my-frontend/node_modules/@esbuild/android-x64
117 silly reify mark deleted [ '/home/deploy/front/my-frontend/node_modules/@esbuild/android-x64' ]
118 verbose reify failed optional dependency /home/deploy/front/my-frontend/node_modules/@esbuild/android-arm64
119 silly reify mark deleted [
119 silly reify   '/home/deploy/front/my-frontend/node_modules/@esbuild/android-arm64'
119 silly reify ]
120 verbose reify failed optional dependency /home/deploy/front/my-frontend/node_modules/@esbuild/android-arm
121 silly reify mark deleted [ '/home/deploy/front/my-frontend/node_modules/@esbuild/android-arm' ]
122 verbose reify failed optional dependency /home/deploy/front/my-frontend/node_modules/@esbuild/aix-ppc64
123 silly reify mark deleted [ '/home/deploy/front/my-frontend/node_modules/@esbuild/aix-ppc64' ]
124 http cache @types/react-router@https://registry.npmjs.org/@types/react-router/-/react-router-5.1.20.tgz 1ms (cache hit)
125 http cache @types/history@https://registry.npmjs.org/@types/history/-/history-4.7.11.tgz 0ms (cache hit)
126 http cache @types/react-router-dom@https://registry.npmjs.org/@types/react-router-dom/-/react-router-dom-5.3.3.tgz 0ms (cache hit)
127 silly tarball no local data for @types/react-router@https://registry.npmjs.org/@types/react-router/-/react-router-5.1.20.tgz. Extracting by manifest.
128 silly tarball no local data for @types/history@https://registry.npmjs.org/@types/history/-/history-4.7.11.tgz. Extracting by manifest.
129 silly tarball no local data for @types/react-router-dom@https://registry.npmjs.org/@types/react-router-dom/-/react-router-dom-5.3.3.tgz. Extracting by manifest.
130 http fetch GET 200 https://registry.npmjs.org/@types/history/-/history-4.7.11.tgz 170ms (cache miss)
131 http fetch GET 200 https://registry.npmjs.org/@types/react-router-dom/-/react-router-dom-5.3.3.tgz 199ms (cache miss)
132 http fetch POST 200 https://registry.npmjs.org/-/npm/v1/security/advisories/bulk 260ms
133 silly audit report {}
134 http fetch GET 200 https://registry.npmjs.org/@types/react-router/-/react-router-5.1.20.tgz 690ms (cache miss)
135 silly ADD node_modules/@types/react-router
136 silly ADD node_modules/@types/history
137 silly ADD node_modules/@types/react-router-dom
138 silly ADD
139 silly ADD
140 silly ADD
141 silly ADD
142 silly ADD
143 silly ADD
144 silly ADD
145 silly ADD
146 silly ADD
147 silly ADD
148 silly ADD
149 silly ADD
150 silly ADD
151 silly ADD
152 silly ADD
153 silly ADD
154 silly ADD
155 silly ADD
156 silly ADD
157 silly ADD
158 silly ADD
159 silly ADD
160 silly ADD
161 silly ADD
162 silly ADD
163 silly ADD
164 silly ADD
165 silly ADD
166 silly ADD
167 silly ADD
168 silly ADD
169 silly ADD
170 silly ADD
171 silly ADD
172 silly ADD
173 silly ADD
174 silly ADD
175 silly ADD
176 silly ADD
177 silly ADD
178 silly ADD
179 silly ADD
180 silly ADD
181 silly ADD
182 silly ADD
183 silly ADD
184 verbose cwd /home/deploy/front/my-frontend
185 verbose os Linux 6.8.0-87-generic
186 verbose node v22.21.1
187 verbose npm  v10.9.4
188 verbose exit 0
189 info ok
